<?xml version="1.0" encoding="utf-8"?><testsuites><testsuite errors="0" failures="0" hostname="DESKTOP-FCUDOLJ" name="pytest" skipped="0" tests="16" time="0.034" timestamp="2021-12-25T19:57:15.060803"><testcase classname="test_case.test_assert" name="test_add_1" time="0.000" /><testcase classname="test_case.test_assert" name="test_add_2" time="0.000" /><testcase classname="test_case.test_assert" name="test_add_3" time="0.000" /><testcase classname="test_case.test_assert" name="test_add_4" time="0.000" /><testcase classname="test_case.test_assert" name="test_in_1" time="0.000" /><testcase classname="test_case.test_assert" name="test_in_2" time="0.000" /><testcase classname="test_case.test_assert" name="test_is_prime_not_true_1" time="0.000" /><testcase classname="test_case.test_assert" name="test_is_prime_not_true_2" time="0.000" /><testcase classname="test_case.test_assert" name="test_is_prime_not_true_3" time="0.000" /><testcase classname="test_case.test_assert" name="test_is_prime_not_true_4" time="0.000" /><testcase classname="test_case.test_fixtures_01.TestMultilpyy" name="test_multiply1" time="0.000" /><testcase classname="test_case.test_fixtures_01.TestMultilpyy" name="test_multiply2" time="0.000" /><testcase classname="test_case.test_parametrize" name="test_pow[case1]" time="0.000" /><testcase classname="test_case.test_parametrize" name="test_pow[case2]" time="0.000" /><testcase classname="test_case.test_parametrize" name="test_pow[case3]" time="0.000" /><testcase classname="test_case.test_sample" name="test_add_one" time="0.001" /></testsuite></testsuites>